<?xml version="1.0" encoding="UTF-8"?>
<!-- Generated by org.testng.reporters.JUnitReportReporter -->
<testsuite skipped="0" hostname="IBM313-PC073FEK" name="TestCases.SeleniumByTestNG" tests="1" failures="0" timestamp="02 Nov 2018 09:12:28 GMT" time="26.640" errors="0">
  <testcase name="SecureFileDownload" time="26.640" classname="TestCases.SeleniumByTestNG"/>
</testsuite> <!-- TestCases.SeleniumByTestNG -->
