<?xml version="1.0" encoding="UTF-8"?>
<!-- Generated by org.testng.reporters.JUnitReportReporter -->
<testsuite skipped="0" hostname="IBM313-PC073FEK" name="TestCases.SeleniumByTestNG" tests="1" failures="0" timestamp="01 Nov 2018 12:36:17 GMT" time="14.265" errors="0">
  <testcase name="SecureFileDownload" time="14.265" classname="TestCases.SeleniumByTestNG"/>
</testsuite> <!-- TestCases.SeleniumByTestNG -->
